0 info it worked if it ends with ok
1 verbose cli [ '/usr/local/bin/node',
1 verbose cli   '/usr/local/bin/npm',
1 verbose cli   'install',
1 verbose cli   '-g',
1 verbose cli   'supervisor' ]
2 info using npm@3.10.10
3 info using node@v6.10.3
4 silly loadCurrentTree Starting
5 silly install loadCurrentTree
6 silly install readGlobalPackageData
7 silly fetchPackageMetaData supervisor
8 silly fetchNamedPackageData supervisor
9 silly mapToRegistry name supervisor
10 silly mapToRegistry using default registry
11 silly mapToRegistry registry https://registry.npmjs.org/
12 silly mapToRegistry data Result {
12 silly mapToRegistry   raw: 'supervisor',
12 silly mapToRegistry   scope: null,
12 silly mapToRegistry   escapedName: 'supervisor',
12 silly mapToRegistry   name: 'supervisor',
12 silly mapToRegistry   rawSpec: '',
12 silly mapToRegistry   spec: 'latest',
12 silly mapToRegistry   type: 'tag' }
13 silly mapToRegistry uri https://registry.npmjs.org/supervisor
14 verbose request uri https://registry.npmjs.org/supervisor
15 verbose request no auth needed
16 info attempt registry request try #1 at 12:28:41 AM
17 verbose request id 603df860e274e31b
18 http request GET https://registry.npmjs.org/supervisor
19 http 200 https://registry.npmjs.org/supervisor
20 verbose headers { server: 'nginx/1.10.1',
20 verbose headers   'content-type': 'application/json',
20 verbose headers   'last-modified': 'Mon, 22 May 2017 02:33:15 GMT',
20 verbose headers   etag: 'W/"59224deb-11078"',
20 verbose headers   'content-encoding': 'gzip',
20 verbose headers   'cache-control': 'max-age=300',
20 verbose headers   'content-length': '6874',
20 verbose headers   'accept-ranges': 'bytes',
20 verbose headers   date: 'Thu, 25 May 2017 05:28:42 GMT',
20 verbose headers   via: '1.1 varnish',
20 verbose headers   age: '0',
20 verbose headers   connection: 'keep-alive',
20 verbose headers   'x-served-by': 'cache-atl6243-ATL',
20 verbose headers   'x-cache': 'MISS',
20 verbose headers   'x-cache-hits': '0',
20 verbose headers   'x-timer': 'S1495690122.829394,VS0,VE206',
20 verbose headers   vary: 'Accept-Encoding' }
21 silly get cb [ 200,
21 silly get   { server: 'nginx/1.10.1',
21 silly get     'content-type': 'application/json',
21 silly get     'last-modified': 'Mon, 22 May 2017 02:33:15 GMT',
21 silly get     etag: 'W/"59224deb-11078"',
21 silly get     'content-encoding': 'gzip',
21 silly get     'cache-control': 'max-age=300',
21 silly get     'content-length': '6874',
21 silly get     'accept-ranges': 'bytes',
21 silly get     date: 'Thu, 25 May 2017 05:28:42 GMT',
21 silly get     via: '1.1 varnish',
21 silly get     age: '0',
21 silly get     connection: 'keep-alive',
21 silly get     'x-served-by': 'cache-atl6243-ATL',
21 silly get     'x-cache': 'MISS',
21 silly get     'x-cache-hits': '0',
21 silly get     'x-timer': 'S1495690122.829394,VS0,VE206',
21 silly get     vary: 'Accept-Encoding' } ]
22 verbose get saving supervisor to /Users/kylecampbell/.npm/registry.npmjs.org/supervisor/.cache.json
23 verbose correctMkdir /Users/kylecampbell/.npm correctMkdir not in flight; initializing
24 silly install normalizeTree
25 silly loadCurrentTree Finishing
26 silly loadIdealTree Starting
27 silly install loadIdealTree
28 silly cloneCurrentTree Starting
29 silly install cloneCurrentTreeToIdealTree
30 silly cloneCurrentTree Finishing
31 silly loadShrinkwrap Starting
32 silly install loadShrinkwrap
33 silly loadShrinkwrap Finishing
34 silly loadAllDepsIntoIdealTree Starting
35 silly install loadAllDepsIntoIdealTree
36 silly resolveWithNewModule supervisor@0.12.0 checking installable status
37 silly cache add args [ 'supervisor', null ]
38 verbose cache add spec supervisor
39 silly cache add parsed spec Result {
39 silly cache add   raw: 'supervisor',
39 silly cache add   scope: null,
39 silly cache add   escapedName: 'supervisor',
39 silly cache add   name: 'supervisor',
39 silly cache add   rawSpec: '',
39 silly cache add   spec: 'latest',
39 silly cache add   type: 'tag' }
40 silly addNamed supervisor@latest
41 verbose addNamed "latest" is being treated as a dist-tag for supervisor
42 info addNameTag [ 'supervisor', 'latest' ]
43 silly mapToRegistry name supervisor
44 silly mapToRegistry using default registry
45 silly mapToRegistry registry https://registry.npmjs.org/
46 silly mapToRegistry data Result {
46 silly mapToRegistry   raw: 'supervisor',
46 silly mapToRegistry   scope: null,
46 silly mapToRegistry   escapedName: 'supervisor',
46 silly mapToRegistry   name: 'supervisor',
46 silly mapToRegistry   rawSpec: '',
46 silly mapToRegistry   spec: 'latest',
46 silly mapToRegistry   type: 'tag' }
47 silly mapToRegistry uri https://registry.npmjs.org/supervisor
48 verbose addNameTag registry:https://registry.npmjs.org/supervisor not in flight; fetching
49 verbose get https://registry.npmjs.org/supervisor not expired, no request
50 silly addNameTag next cb for supervisor with tag latest
51 silly addNamed supervisor@0.12.0
52 verbose addNamed "0.12.0" is a plain semver version for supervisor
53 silly mapToRegistry name supervisor
54 silly mapToRegistry using default registry
55 silly mapToRegistry registry https://registry.npmjs.org/
56 silly mapToRegistry data Result {
56 silly mapToRegistry   raw: 'supervisor',
56 silly mapToRegistry   scope: null,
56 silly mapToRegistry   escapedName: 'supervisor',
56 silly mapToRegistry   name: 'supervisor',
56 silly mapToRegistry   rawSpec: '',
56 silly mapToRegistry   spec: 'latest',
56 silly mapToRegistry   type: 'tag' }
57 silly mapToRegistry uri https://registry.npmjs.org/supervisor
58 verbose addRemoteTarball https://registry.npmjs.org/supervisor/-/supervisor-0.12.0.tgz not in flight; adding
59 verbose addRemoteTarball [ 'https://registry.npmjs.org/supervisor/-/supervisor-0.12.0.tgz',
59 verbose addRemoteTarball   'de7e6337015b291851c10f3538c4a7f04917ecc1' ]
60 info retry fetch attempt 1 at 12:28:42 AM
61 info attempt registry request try #1 at 12:28:42 AM
62 http fetch GET https://registry.npmjs.org/supervisor/-/supervisor-0.12.0.tgz
63 http fetch 200 https://registry.npmjs.org/supervisor/-/supervisor-0.12.0.tgz
64 silly fetchAndShaCheck shasum de7e6337015b291851c10f3538c4a7f04917ecc1
65 verbose addTmpTarball /var/folders/rz/vkzms25j7q1g14w2t31x21p00000gn/T/npm-7334-75724d61/registry.npmjs.org/supervisor/-/supervisor-0.12.0.tgz not in flight; adding
66 verbose addTmpTarball already have metadata; skipping unpack for supervisor@0.12.0
67 verbose correctMkdir /Users/kylecampbell/.npm correctMkdir not in flight; initializing
68 silly cache afterAdd supervisor@0.12.0
69 verbose afterAdd /Users/kylecampbell/.npm/supervisor/0.12.0/package/package.json not in flight; writing
70 verbose correctMkdir /Users/kylecampbell/.npm correctMkdir not in flight; initializing
71 verbose afterAdd /Users/kylecampbell/.npm/supervisor/0.12.0/package/package.json written
72 silly loadAllDepsIntoIdealTree Finishing
73 silly loadIdealTree Finishing
74 silly currentTree lib
75 silly idealTree lib
75 silly idealTree └── supervisor@0.12.0
76 silly generateActionsToTake Starting
77 silly install generateActionsToTake
78 silly generateActionsToTake Finishing
79 silly diffTrees action count 1
80 silly diffTrees add supervisor@0.12.0
81 silly decomposeActions action count 8
82 silly decomposeActions fetch supervisor@0.12.0
83 silly decomposeActions extract supervisor@0.12.0
84 silly decomposeActions test supervisor@0.12.0
85 silly decomposeActions preinstall supervisor@0.12.0
86 silly decomposeActions build supervisor@0.12.0
87 silly decomposeActions install supervisor@0.12.0
88 silly decomposeActions postinstall supervisor@0.12.0
89 silly decomposeActions finalize supervisor@0.12.0
90 silly runTopLevelLifecycles Starting
91 silly executeActions Starting
92 silly install executeActions
93 silly doSerial global-install 0
94 silly doParallel fetch 1
95 verbose correctMkdir /Users/kylecampbell/.npm/_locks correctMkdir not in flight; initializing
96 verbose lock using /Users/kylecampbell/.npm/_locks/staging-3a08f0df5026584d.lock for /usr/local/lib/node_modules/.staging
97 silly doParallel extract 1
98 silly extract supervisor@0.12.0
99 verbose unbuild lib/node_modules/.staging/supervisor-076138f1
100 silly gentlyRm /usr/local/lib/node_modules/.staging/supervisor-076138f1 is being purged from base /usr/local
101 verbose gentlyRm don't care about contents; nuking /usr/local/lib/node_modules/.staging/supervisor-076138f1
102 verbose tar unpack /Users/kylecampbell/.npm/supervisor/0.12.0/package.tgz
103 verbose tar unpacking to /usr/local/lib/node_modules/.staging/supervisor-076138f1
104 silly gentlyRm /usr/local/lib/node_modules/.staging/supervisor-076138f1 is being purged
105 verbose gentlyRm don't care about contents; nuking /usr/local/lib/node_modules/.staging/supervisor-076138f1
106 silly gunzTarPerm modes [ '755', '644' ]
107 silly gunzTarPerm extractEntry package.json
108 silly gunzTarPerm extractEntry .npmignore
109 silly gunzTarPerm extractEntry README.md
110 silly gunzTarPerm modified mode [ 'README.md', 436, 420 ]
111 silly gunzTarPerm extractEntry LICENSE
112 silly gunzTarPerm extractEntry lib/cli-wrapper.js
113 silly gunzTarPerm modified mode [ 'lib/cli-wrapper.js', 509, 493 ]
114 silly gunzTarPerm extractEntry lib/supervisor.js
115 silly gunzTarPerm modified mode [ 'lib/supervisor.js', 436, 420 ]
116 silly gunzTarPerm extractEntry test/fixture.js
117 silly gunzTarPerm extractEntry test/supervisor.test.js
118 silly gunzTarPerm extractEntry test/sampleApp/package.json
119 silly gunzTarPerm extractEntry test/sampleApp/server.js
120 silly gentlyRm /usr/local/lib/node_modules/.staging/supervisor-076138f1/node_modules is being purged
121 verbose gentlyRm don't care about contents; nuking /usr/local/lib/node_modules/.staging/supervisor-076138f1/node_modules
122 silly doParallel preinstall 1
123 silly preinstall supervisor@0.12.0 /usr/local/lib/node_modules/.staging/supervisor-076138f1
124 info lifecycle supervisor@0.12.0~preinstall: supervisor@0.12.0
125 silly lifecycle supervisor@0.12.0~preinstall: no script for preinstall, continuing
126 silly doReverseSerial remove 0
127 silly doSerial move 0
128 silly doSerial finalize 1
129 silly finalize /usr/local/lib/node_modules/supervisor
130 silly doSerial build 1
131 silly build supervisor@0.12.0
132 info linkStuff supervisor@0.12.0
133 silly linkStuff supervisor@0.12.0 has /usr/local/lib/node_modules as its parent node_modules
134 silly linkStuff supervisor@0.12.0 is part of a global install
135 silly linkStuff supervisor@0.12.0 is installed into a global node_modules
136 silly linkStuff supervisor@0.12.0 is installed into the top-level global node_modules
137 verbose linkBins supervisor@0.12.0
138 verbose link bins [ { 'node-supervisor': 'lib/cli-wrapper.js',
138 verbose link bins     supervisor: 'lib/cli-wrapper.js' },
138 verbose link bins   '/usr/local/bin',
138 verbose link bins   true ]
139 verbose linkMans supervisor@0.12.0
140 silly gentlyRm /usr/local/bin/node-supervisor is being gently removed
141 silly gentlyRm /usr/local/bin/supervisor is being gently removed
142 verbose unlock done using /Users/kylecampbell/.npm/_locks/staging-3a08f0df5026584d.lock for /usr/local/lib/node_modules/.staging
143 silly rollbackFailedOptional Starting
144 silly rollbackFailedOptional Finishing
145 silly runTopLevelLifecycles Finishing
146 silly install printInstalled
147 verbose stack Error: EACCES: permission denied, symlink '../lib/node_modules/supervisor/lib/cli-wrapper.js' -> '/usr/local/bin/node-supervisor'
147 verbose stack     at Error (native)
148 verbose cwd /Users/kylecampbell/Documents/Beisbol/dir
149 error Darwin 16.6.0
150 error argv "/usr/local/bin/node" "/usr/local/bin/npm" "install" "-g" "supervisor"
151 error node v6.10.3
152 error npm  v3.10.10
153 error path ../lib/node_modules/supervisor/lib/cli-wrapper.js
154 error code EACCES
155 error errno -13
156 error syscall symlink
157 error Error: EACCES: permission denied, symlink '../lib/node_modules/supervisor/lib/cli-wrapper.js' -> '/usr/local/bin/node-supervisor'
157 error     at Error (native)
157 error  { Error: EACCES: permission denied, symlink '../lib/node_modules/supervisor/lib/cli-wrapper.js' -> '/usr/local/bin/node-supervisor'
157 error     at Error (native)
157 error   errno: -13,
157 error   code: 'EACCES',
157 error   syscall: 'symlink',
157 error   path: '../lib/node_modules/supervisor/lib/cli-wrapper.js',
157 error   dest: '/usr/local/bin/node-supervisor' }
158 error Please try running this command again as root/Administrator.
159 verbose exit [ -13, true ]
